================================================================
======== txAdmin v7.3.2 atop fxserver 10822 Starting - 11/7/2024, 3:34:48 PM
================================================================
================================================================
======== Log Rotated - 11/7/2024, 3:34:49 PM                    
================================================================
[16:28:51][penguineodo] logged in from 127.0.0.1 via cfxre
[16:28:57][penguineodo] executed "refresh"
[16:29:08][penguineodo] executed "ensure healCmd"
[16:29:19][penguineodo] executed "ensure customScripts"
[16:34:09][penguineodo] executed "ensure healCmd"
[16:34:10][penguineodo] executed "refresh"
[16:34:12][penguineodo] executed "ensure healCmd"
[16:34:13][penguineodo] executed "ensure customScripts"
[16:37:34][penguineodo] executed "refresh"
[16:37:34][penguineodo] executed "ensure healCmd"
[16:47:18][penguineodo] executed "ensure healCmd"
[16:48:36][penguineodo] executed "ensure healCmd"
[16:48:49][penguineodo] executed "ensure healCmd"
[16:59:26][penguineodo] executed "ensure healCmd"
[17:56:50][penguineodo] executed "ensure healCmd"
[17:57:03][penguineodo] executed "refresh"
[17:57:04][penguineodo] executed "ensure healCmd"
