================================================================
======== txAdmin v7.3.2 atop fxserver 10822 Starting - 11/6/2024, 1:16:22 PM
================================================================
[13:16:48][penguineodo] created admins file
[13:17:09][penguineodo] Changing global settings via setup stepper and started Deployer.
[13:17:20][penguineodo] Setting recipe.
[13:18:28][penguineodo] Running recipe.
[13:18:44][penguineodo] Changing global settings via setup stepper and started Deployer.
[13:18:46][penguineodo] Setting recipe.
[13:19:22][penguineodo] Running recipe.
[13:20:16][penguineodo] Changing global settings via setup stepper and started Deployer.
[13:20:17][penguineodo] Setting recipe.
[13:20:29][penguineodo] Running recipe.
[13:20:45][penguineodo] Changing global settings via setup stepper and started Deployer.
[13:20:46][penguineodo] Setting recipe.
[13:21:26][penguineodo] Running recipe.
================================================================
======== txAdmin v7.3.2 atop fxserver 10822 Starting - 11/6/2024, 1:23:57 PM
================================================================
[13:24:04][penguineodo] logged in from 127.0.0.1 via cfxre
[13:24:34][penguineodo] Changing global/fxserver settings via setup stepper.
[14:00:44][penguineodo] executed "ensure "esx_hud""
[14:05:06][penguineodo] executed "ensure "esx_hud""
[14:05:09][penguineodo] executed "ensure "esx_cruisecontrol""
[14:05:24][penguineodo] executed "refresh"
[14:05:29][penguineodo] executed "ensure esx_cruisecontrol"
[14:05:33][penguineodo] executed "ensure esx_hud"
[14:06:35][penguineodo] executed "ensure esx_hud"
[14:07:31][penguineodo] executed "ensure esx_cruisecontrol"
[14:07:32][penguineodo] executed "ensure esx_cruisecontrol"
[14:07:34][penguineodo] executed "ensure esx_hud"
[14:09:53][penguineodo] executed "ensure esx_hud"
[14:12:25][penguineodo] executed "ensure esx_hud"
[14:13:47][penguineodo] executed "refresh"
[14:13:55][penguineodo] executed "ensure "illenium-appearance""
[14:20:29][penguineodo] executed "RESTART SERVER"
[14:23:49][penguineodo] executed "RESTART SERVER"
[14:27:41][penguineodo] executed "RESTART SERVER"
[14:32:10][penguineodo] executed "RESTART SERVER"
[14:35:40][penguineodo] executed "RESTART SERVER"
[14:37:58][penguineodo] executed "refresh"
[14:38:04][penguineodo] executed "ensure core"
[14:38:08][penguineodo] executed "ensure [core]"
[14:39:26][penguineodo] executed "RESTART SERVER"
[14:41:38][penguineodo] executed "RESTART SERVER"
[14:47:39][penguineodo] executed "refresh"
[14:47:49][penguineodo] executed "ensure illenium-appearance"
[14:48:13][penguineodo] executed "ensure illenium-appearance"
[14:48:47][penguineodo] executed "ensure illenium-appearance"
[14:50:21][penguineodo] executed "ensure illenium-appearance"
[14:50:29][penguineodo] executed "ensure illenium-appearance"
[14:51:15][penguineodo] executed "ensure illenium-appearance"
[14:51:54][penguineodo] executed "ensure illenium-appearance"
[14:55:08][penguineodo] executed "ensure illenium-appearance"
[14:56:19][penguineodo] executed "ensure illenium-appearance"
[15:03:15][penguineodo] executed "RESTART SERVER"
[15:06:23][penguineodo] executed "RESTART SERVER"
