================================================================
======== txAdmin v7.3.2 atop fxserver 10822 Starting - 11/7/2024, 3:34:48 PM
================================================================
================================================================
======== Log Rotated - 11/7/2024, 3:34:49 PM                    
================================================================
[3:35:16 PM] txAdmin: Logger started
[3:37:43 PM] [hjnHb#1] Max: joined with identifiers [license:36e972f2ff55668001bcf73fe8dd358e09e3ae93; live:985160436413821; discord:788119111502790696; license2:36e972f2ff55668001bcf73fe8dd358e09e3ae93]
[3:39:39 PM] [hjnHb#1] Max: died from suicide (Pistol)
[4:47:26 PM] [hjnHb#1] Max: enabled noclip
[4:47:30 PM] [hjnHb#1] Max: became mortal (standard mode)
[4:53:25 PM] [hjnHb#1] Max: enabled noclip
[4:53:32 PM] [hjnHb#1] Max: became mortal (standard mode)
[4:53:34 PM] [hjnHb#1] Max: enabled noclip
[4:53:38 PM] [hjnHb#1] Max: became mortal (standard mode)
[4:53:49 PM] [hjnHb#1] Max: enabled noclip
[4:53:52 PM] [hjnHb#1] Max: became mortal (standard mode)
[4:54:18 PM] [hjnHb#1] Max: enabled noclip
[4:54:21 PM] [hjnHb#1] Max: became mortal (standard mode)
[4:54:34 PM] [hjnHb#1] Max: enabled noclip
[4:54:39 PM] [hjnHb#1] Max: became mortal (standard mode)
[4:54:52 PM] [hjnHb#1] Max: healed themself
[4:55:50 PM] [hjnHb#1] Max: enabled noclip
[4:55:55 PM] [hjnHb#1] Max: became mortal (standard mode)
[5:19:52 PM] [hjnHb#1] Max: disconnected (Exiting)
[5:20:16 PM] [hjnHb#2] Max: joined with identifiers [license:36e972f2ff55668001bcf73fe8dd358e09e3ae93; live:985160436413821; discord:788119111502790696; license2:36e972f2ff55668001bcf73fe8dd358e09e3ae93]
[5:39:56 PM] [hjnHb#2] Max: enabled noclip
[5:40:01 PM] [hjnHb#2] Max: became mortal (standard mode)
[5:40:03 PM] [hjnHb#2] Max: enabled noclip
[5:40:06 PM] [hjnHb#2] Max: became mortal (standard mode)
[5:40:09 PM] [hjnHb#2] Max: enabled noclip
[5:40:17 PM] [hjnHb#2] Max: became mortal (standard mode)
[5:40:42 PM] [hjnHb#2] Max: enabled noclip
[5:40:45 PM] [hjnHb#2] Max: became mortal (standard mode)
[5:40:53 PM] [hjnHb#2] Max: enabled noclip
[5:40:55 PM] [hjnHb#2] Max: became mortal (standard mode)
[5:41:34 PM] [hjnHb#2] Max: enabled noclip
[5:41:38 PM] [hjnHb#2] Max: became mortal (standard mode)
[5:41:56 PM] [hjnHb#2] Max: enabled noclip
[5:42:00 PM] [hjnHb#2] Max: became mortal (standard mode)
[5:42:13 PM] [hjnHb#2] Max: enabled noclip
[5:42:23 PM] [hjnHb#2] Max: became mortal (standard mode)
[5:42:59 PM] [hjnHb#2] Max: enabled noclip
[5:43:00 PM] [hjnHb#2] Max: became mortal (standard mode)
[5:43:01 PM] [hjnHb#2] Max: enabled noclip
[5:43:03 PM] [hjnHb#2] Max: became mortal (standard mode)
[5:43:12 PM] [hjnHb#2] Max: enabled noclip
[5:43:15 PM] [hjnHb#2] Max: became mortal (standard mode)
[5:43:50 PM] [hjnHb#2] Max: enabled noclip
[5:43:52 PM] [hjnHb#2] Max: became mortal (standard mode)
[6:05:09 PM] [hjnHb#2] Max: disconnected (Exiting)
[6:10:03 PM] [hjnHb#3] Max: joined with identifiers [license:36e972f2ff55668001bcf73fe8dd358e09e3ae93; live:985160436413821; discord:788119111502790696; license2:36e972f2ff55668001bcf73fe8dd358e09e3ae93]
[6:13:10 PM] [hjnHb#3] Max: enabled noclip
[6:13:22 PM] [hjnHb#3] Max: spawned a vehicle (model: hydra)
[6:13:24 PM] [hjnHb#3] Max: became mortal (standard mode)
[6:13:27 PM] [hjnHb#3] Max: caused an explosion (PLANE)
[6:13:27 PM] [hjnHb#3] Max: caused an explosion (PLANE)
[6:13:27 PM] [hjnHb#3] Max: spawned a vehicle (model: hydra)
[6:13:27 PM] [hjnHb#3] Max: caused an explosion (CAR)
[6:13:31 PM] [hjnHb#3] Max: enabled noclip
[6:13:41 PM] [hjnHb#3] Max: became mortal (standard mode)
[6:13:42 PM] [hjnHb#3] Max: caused an explosion (PLANE)
[6:13:42 PM] [hjnHb#3] Max: died from suicide (Fire)
[6:14:28 PM] [hjnHb#3] Max: said "/qui t"
[6:14:28 PM] [hjnHb#3] Max: disconnected (Exiting)
