================================================================
======== txAdmin v7.3.2 atop fxserver 10822 Starting - 11/6/2024, 1:16:22 PM
================================================================
================================================================
======== txAdmin v7.3.2 atop fxserver 10822 Starting - 11/6/2024, 1:23:57 PM
================================================================
[1:24:37 PM] txAdmin: Logger started
[1:27:16 PM] [axiXC#1] Max: joined with identifiers [license:36e972f2ff55668001bcf73fe8dd358e09e3ae93; live:985160436413821; discord:788119111502790696; license2:36e972f2ff55668001bcf73fe8dd358e09e3ae93]
[1:30:01 PM] [axiXC#1] Max: said "yo"
[1:42:11 PM] [axiXC#1] Max: disconnected (Exiting)
[1:47:38 PM] [axiXC#2] Max: joined with identifiers [license:36e972f2ff55668001bcf73fe8dd358e09e3ae93; live:985160436413821; discord:788119111502790696; license2:36e972f2ff55668001bcf73fe8dd358e09e3ae93]
[1:56:01 PM] [axiXC#2] Max: enabled noclip
[1:56:03 PM] [axiXC#2] Max: became mortal (standard mode)
[2:17:59 PM] [axiXC#2] Max: disconnected (Exiting)
[2:20:39 PM] txAdmin: Logger started
[2:22:39 PM] [rwKAk#1] Max: joined with identifiers [license:36e972f2ff55668001bcf73fe8dd358e09e3ae93; live:985160436413821; discord:788119111502790696; license2:36e972f2ff55668001bcf73fe8dd358e09e3ae93]
[2:23:58 PM] txAdmin: Logger started
[2:24:38 PM] [kfcJC#1] Max: joined with identifiers [license:36e972f2ff55668001bcf73fe8dd358e09e3ae93; live:985160436413821; discord:788119111502790696; license2:36e972f2ff55668001bcf73fe8dd358e09e3ae93]
[2:27:05 PM] [kfcJC#1] Max: disconnected (Exiting)
[2:27:50 PM] txAdmin: Logger started
[2:30:25 PM] [YYPY3#1] Max: joined with identifiers [license:36e972f2ff55668001bcf73fe8dd358e09e3ae93; live:985160436413821; discord:788119111502790696; license2:36e972f2ff55668001bcf73fe8dd358e09e3ae93]
[2:31:52 PM] [YYPY3#1] Max: disconnected (Exiting)
[2:32:19 PM] txAdmin: Logger started
[2:33:31 PM] [tDYdY#1] Max: joined with identifiers [license:36e972f2ff55668001bcf73fe8dd358e09e3ae93; live:985160436413821; discord:788119111502790696; license2:36e972f2ff55668001bcf73fe8dd358e09e3ae93]
[2:35:51 PM] txAdmin: Logger started
[2:36:36 PM] [Tr3Lp#1] Max: joined with identifiers [license:36e972f2ff55668001bcf73fe8dd358e09e3ae93; live:985160436413821; discord:788119111502790696; license2:36e972f2ff55668001bcf73fe8dd358e09e3ae93]
[2:38:08 PM] [Tr3Lp#1] Max: disconnected (Couldn't load resource skinchanger: Couldn't load resource skinchanger from resources:/skinchanger/:)
[2:39:37 PM] txAdmin: Logger started
[2:39:42 PM] [PKRgH#1] Max: joined with identifiers [license:36e972f2ff55668001bcf73fe8dd358e09e3ae93; live:985160436413821; discord:788119111502790696; license2:36e972f2ff55668001bcf73fe8dd358e09e3ae93]
[2:40:13 PM] [PKRgH#1] Max: disconnected (Exiting)
[2:41:48 PM] txAdmin: Logger started
[2:42:14 PM] [BicgC#1] Max: joined with identifiers [license:36e972f2ff55668001bcf73fe8dd358e09e3ae93; live:985160436413821; discord:788119111502790696; license2:36e972f2ff55668001bcf73fe8dd358e09e3ae93]
[2:42:48 PM] [BicgC#1] Max: said "/skin"
[2:45:07 PM] [BicgC#1] Max: disconnected (Exiting)
[2:52:16 PM] [BicgC#2] Max: joined with identifiers [license:36e972f2ff55668001bcf73fe8dd358e09e3ae93; live:985160436413821; discord:788119111502790696; license2:36e972f2ff55668001bcf73fe8dd358e09e3ae93]
[3:03:25 PM] txAdmin: Logger started
[3:03:42 PM] [aVDp8#1] Max: joined with identifiers [license:36e972f2ff55668001bcf73fe8dd358e09e3ae93; live:985160436413821; discord:788119111502790696; license2:36e972f2ff55668001bcf73fe8dd358e09e3ae93]
[3:06:33 PM] txAdmin: Logger started
[3:07:04 PM] [H8jfz#1] Max: joined with identifiers [license:36e972f2ff55668001bcf73fe8dd358e09e3ae93; live:985160436413821; discord:788119111502790696; license2:36e972f2ff55668001bcf73fe8dd358e09e3ae93]
[3:10:51 PM] [H8jfz#1] Max: disconnected (Exiting)
